Arguments: 
  C:\Program Files\nodejs\node.exe C:\Users\zlskey\AppData\Roaming\npm\node_modules\yarn\bin\yarn.js add path

PATH: 
  C:\Windows\system32;C:\Windows;C:\Windows\System32\Wbem;C:\Windows\System32\WindowsPowerShell\v1.0\;C:\Windows\System32\OpenSSH\;C:\Program Files\Docker\Docker\resources\bin;C:\ProgramData\DockerDesktop\version-bin;C:\Program Files\nodejs\;C:\Users\zlskey\AppData\Local\Microsoft\WindowsApps;;I:\VS_CODDE\Microsoft VS Code\bin;C:\Users\zlskey\AppData\Roaming\npm

Yarn version: 
  1.22.11

Node version: 
  16.6.2

Platform: 
  win32 x64

Trace: 
  Error: EPERM: operation not permitted, unlink 'X:\#GitHub#\encrypted-note\node_modules\bcrypt\lib\binding\napi-v3\bcrypt_lib.node'

npm manifest: 
  {
    "name": "encrypted-note",
    "version": "1.0.0",
    "description": "",
    "main": "server.js",
    "scripts": {
      "start": "node backend/server",
      "dev": "concurrently \"npm run client\" \"npm run server\"",
      "production": "concurrently \"npm run client-build\" \"npm start\"",
      "client": "npm start --prefix frontend-dir",
      "client-build": "npm run build --prefix frontend-dir",
      "server": "nodemon backend/server"
    },
    "repository": {
      "type": "git",
      "url": "git+https://github.com/zlskey/encrypted-note.git"
    },
    "author": "zlskey",
    "license": "MIT",
    "dependencies": {
      "bcrypt": "^5.0.1",
      "compression": "^1.7.4",
      "cookie-parser": "^1.4.5",
      "cors": "^2.8.5",
      "dotenv": "^10.0.0",
      "express": "^4.17.1",
      "jsonwebtoken": "^8.5.1",
      "mongoose": "^5.13.5",
      "morgan": "^1.10.0",
      "openpgp": "5.0.0-5",
      "path": "^0.12.7"
    },
    "devDependencies": {
      "concurrently": "^6.2.1",
      "nodemon": "^2.0.12"
    },
    "bugs": {
      "url": "https://github.com/zlskey/encrypted-note/issues"
    },
    "homepage": "https://github.com/zlskey/encrypted-note#readme"
  }

yarn manifest: 
  No manifest

Lockfile: 
  No lockfile
